<!DOCTYPE html>
<html>
<head>
<meta http-equiv="Content-Type" content="text/html; charset=utf-8"/>
<meta http-equiv="x-ua-compatible" content="IE=edge"/>
<title>Test results - Class Search by keyword</title>
<link href="../css/base-style.css" rel="stylesheet" type="text/css"/>
<link href="../css/style.css" rel="stylesheet" type="text/css"/>
<script src="../js/report.js" type="text/javascript"></script>
</head>
<body>
<div id="content">
<h1>Class Search by keyword</h1>
<div class="breadcrumbs">
<a href="../index.html">all</a> &gt; 
<a href="../packages/default-package.html">default-package</a> &gt; Search by keyword</div>
<div id="summary">
<table>
<tr>
<td>
<div class="summaryGroup">
<table>
<tr>
<td>
<div class="infoBox" id="tests">
<div class="counter">1</div>
<p>tests</p>
</div>
</td>
<td>
<div class="infoBox" id="failures">
<div class="counter">1</div>
<p>failures</p>
</div>
</td>
<td>
<div class="infoBox" id="ignored">
<div class="counter">0</div>
<p>ignored</p>
</div>
</td>
<td>
<div class="infoBox" id="duration">
<div class="counter">8.073s</div>
<p>duration</p>
</div>
</td>
</tr>
</table>
</div>
</td>
<td>
<div class="infoBox failures" id="successRate">
<div class="percent">0%</div>
<p>successful</p>
</div>
</td>
</tr>
</table>
</div>
<div id="tabs">
<ul class="tabLinks">
<li>
<a href="#tab0">Failed tests</a>
</li>
<li>
<a href="#tab1">Tests</a>
</li>
<li>
<a href="#tab2">Standard output</a>
</li>
<li>
<a href="#tab3">Standard error</a>
</li>
</ul>
<div id="tab0" class="tab">
<h2>Failed tests</h2>
<div class="test">
<a name="Searching for a term"></a>
<h3 class="failures">Searching for a term</h3>
<span class="code">
<pre>java.lang.AssertionError: 
Expecting a collection that matches: each element is a title containing 'Pruebas'
But got: [
			Analista de Pruebas Medellín y Bogotá
			
				Choucair Testing 				Somos una compañía extraordinaria			
		, 
			Analista de Migración
			
								Somos una compañía Extraordinaria			
		, 
			Analista de Pruebas Móviles
			
				Choucair Testing 				Somos una compañía Extraordinaria			
		, 
			Analista de Pruebas sector Bancario
			
											
		, 
			Automatizador Medellín y Bogotá
			
											
		, 
			Automatizador
			
								Somos una compañía extraordinaria			
		, 
			Analista de Pruebas Performance
			
				Choucair Testing 				Somos una compañía extraordinaria			
		]
	at net.serenitybdd.screenplay.ensure.PerformablePredicate.performAs(PerformableExpectations.kt:85)
	at net.serenitybdd.screenplay.ensure.PerformablePredicate$ByteBuddy$ELDgl4GJ.performAs$accessor$BJ6v51eb(Unknown Source)
	at sun.reflect.NativeMethodAccessorImpl.invoke0(Native Method)
	at sun.reflect.NativeMethodAccessorImpl.invoke(NativeMethodAccessorImpl.java:62)
	at sun.reflect.DelegatingMethodAccessorImpl.invoke(DelegatingMethodAccessorImpl.java:43)
	at java.lang.reflect.Method.invoke(Method.java:498)
	at net.thucydides.core.steps.StepInterceptor.invokeMethod(StepInterceptor.java:488)
	at net.thucydides.core.steps.StepInterceptor.executeTestStepMethod(StepInterceptor.java:468)
	at net.thucydides.core.steps.StepInterceptor.runTestStep(StepInterceptor.java:441)
	at net.thucydides.core.steps.StepInterceptor.runOrSkipMethod(StepInterceptor.java:197)
	at net.thucydides.core.steps.StepInterceptor.testStepResult(StepInterceptor.java:184)
	at net.thucydides.core.steps.StepInterceptor.intercept(StepInterceptor.java:77)
	at net.serenitybdd.screenplay.ensure.PerformablePredicate$ByteBuddy$ELDgl4GJ.performAs(Unknown Source)
	at net.serenitybdd.screenplay.Actor.performTask(Actor.java:248)
	at net.serenitybdd.screenplay.Actor.perform(Actor.java:229)
	at net.serenitybdd.screenplay.Actor.attemptsTo(Actor.java:175)
	at net.serenitybdd.screenplay.actors.OnStage.withCurrentActor(OnStage.java:64)
	at starter.stepdefinitions.SearchOnChoucairTestingStepDefinitions.all_the_result_titles_should_contain_the_word(SearchOnChoucairTestingStepDefinitions.java:45)
	at ✽.all the result titles should contain the word &quot;Pruebas&quot;(file:src/test/resources/features/search/search_by_keyword.feature:6)
</pre>
</span>
</div>
</div>
<div id="tab1" class="tab">
<h2>Tests</h2>
<table>
<thead>
<tr>
<th>Test</th>
<th>Duration</th>
<th>Result</th>
</tr>
</thead>
<tr>
<td class="failures">Searching for a term</td>
<td>8.073s</td>
<td class="failures">failed</td>
</tr>
</table>
</div>
<div id="tab2" class="tab">
<h2>Standard output</h2>
<span class="code">
<pre>
Feature: Search by keyword

  Scenario: Searching for a term                                 ?[90m# src/test/resources/features/search/search_by_keyword.feature:3?[0m
22:21:05.198 [Test worker] INFO   - 
 _____ _____ ____ _____   ____ _____  _    ____ _____ _____ ____  
|_   _| ____/ ___|_   _| / ___|_   _|/ \  |  _ \_   _| ____|  _ \ 
  | | |  _| \___ \ | |   \___ \ | | / _ \ | |_) || | |  _| | | | |
  | | | |___ ___) || |    ___) || |/ ___ \|  _ &lt; | | | |___| |_| |
  |_| |_____|____/ |_|   |____/ |_/_/   \_\_| \_\|_| |_____|____/ 

Searching for a term(search-by-keyword;searching-for-a-term)
-------------------------------------------------------------------
22:21:05.471 [Test worker] INFO  n.s.c.w.d.ProvideNewDriver - Instantiating driver
22:21:05.471 [Test worker] INFO  n.s.c.w.d.ProvideNewDriver - Driver capabilities: Capabilities {acceptInsecureCerts: false, browserName: chrome, chrome.switches: --start-maximized;--test-ty..., goog:chromeOptions: {args: [--start-maximized, --test-type, --no-sandbox, --ignore-certificate-errors..., --disable-popup-blocking, --disable-default-apps, --disable-extensions-file-a..., --incognito, --disable-infobars, --disable-gpu], extensions: []}, loggingPrefs: org.openqa.selenium.logging..., platform: ANY, version: }
    ?[32mGiven ?[0m?[32m?[0m?[32m?[1mFernanda?[0m?[32m is on the ChoucairTesting Empleos Page?[0m        ?[90m# SearchOnChoucairTestingStepDefinitions.on_the_ChoucairTesting_Empleos_Page(String)?[0m
    ?[32mWhen ?[0m?[32mshe searches for ?[0m?[32m?[1m&quot;Pruebas&quot;?[0m                              ?[90m# SearchOnChoucairTestingStepDefinitions.search_for(String)?[0m
    ?[31mThen ?[0m?[31mall the result titles should contain the word ?[0m?[31m?[1m&quot;Pruebas&quot;?[0m ?[90m# SearchOnChoucairTestingStepDefinitions.all_the_result_titles_should_contain_the_word(String)?[0m
      ?[31mjava.lang.AssertionError: 
Expecting a collection that matches: each element is a title containing 'Pruebas'
But got: [
			Analista de Pruebas Medellín y Bogotá
			
				Choucair Testing 				Somos una compañía extraordinaria			
		, 
			Analista de Migración
			
								Somos una compañía Extraordinaria			
		, 
			Analista de Pruebas Móviles
			
				Choucair Testing 				Somos una compañía Extraordinaria			
		, 
			Analista de Pruebas sector Bancario
			
											
		, 
			Automatizador Medellín y Bogotá
			
											
		, 
			Automatizador
			
								Somos una compañía extraordinaria			
		, 
			Analista de Pruebas Performance
			
				Choucair Testing 				Somos una compañía extraordinaria			
		]
	at net.serenitybdd.screenplay.ensure.PerformablePredicate.performAs(PerformableExpectations.kt:85)
	at net.serenitybdd.screenplay.ensure.PerformablePredicate$ByteBuddy$ELDgl4GJ.performAs$accessor$BJ6v51eb(Unknown Source)
	at sun.reflect.NativeMethodAccessorImpl.invoke0(Native Method)
	at sun.reflect.NativeMethodAccessorImpl.invoke(NativeMethodAccessorImpl.java:62)
	at sun.reflect.DelegatingMethodAccessorImpl.invoke(DelegatingMethodAccessorImpl.java:43)
	at java.lang.reflect.Method.invoke(Method.java:498)
	at net.thucydides.core.steps.StepInterceptor.invokeMethod(StepInterceptor.java:488)
	at net.thucydides.core.steps.StepInterceptor.executeTestStepMethod(StepInterceptor.java:468)
	at net.thucydides.core.steps.StepInterceptor.runTestStep(StepInterceptor.java:441)
	at net.thucydides.core.steps.StepInterceptor.runOrSkipMethod(StepInterceptor.java:197)
	at net.thucydides.core.steps.StepInterceptor.testStepResult(StepInterceptor.java:184)
	at net.thucydides.core.steps.StepInterceptor.intercept(StepInterceptor.java:77)
	at net.serenitybdd.screenplay.ensure.PerformablePredicate$ByteBuddy$ELDgl4GJ.performAs(Unknown Source)
	at net.serenitybdd.screenplay.Actor.performTask(Actor.java:248)
	at net.serenitybdd.screenplay.Actor.perform(Actor.java:229)
	at net.serenitybdd.screenplay.Actor.attemptsTo(Actor.java:175)
	at net.serenitybdd.screenplay.actors.OnStage.withCurrentActor(OnStage.java:64)
	at starter.stepdefinitions.SearchOnChoucairTestingStepDefinitions.all_the_result_titles_should_contain_the_word(SearchOnChoucairTestingStepDefinitions.java:45)
	at ?.all the result titles should contain the word &quot;Pruebas&quot;(file:src/test/resources/features/search/search_by_keyword.feature:6)
?[0m
</pre>
</span>
</div>
<div id="tab3" class="tab">
<h2>Standard error</h2>
<span class="code">
<pre>May 09, 2021 10:21:05 PM org.openqa.selenium.remote.DesiredCapabilities chrome
INFO: Using `new ChromeOptions()` is preferred to `DesiredCapabilities.chrome()`
Starting ChromeDriver 90.0.4430.24 (4c6d850f087da467d926e8eddb76550aed655991-refs/branch-heads/4430@{#429}) on port 45546
Only local connections are allowed.
Please see https://chromedriver.chromium.org/security-considerations for suggestions on keeping ChromeDriver safe.
ChromeDriver was started successfully.
May 09, 2021 10:21:06 PM org.openqa.selenium.remote.ProtocolHandshake createSession
INFO: Detected dialect: W3C
</pre>
</span>
</div>
</div>
<div id="footer">
<p>
<div>
<label class="hidden" id="label-for-line-wrapping-toggle" for="line-wrapping-toggle">Wrap lines
<input id="line-wrapping-toggle" type="checkbox" autocomplete="off"/>
</label>
</div>Generated by 
<a href="http://www.gradle.org">Gradle 4.6</a> at May 9, 2021 10:21:16 PM</p>
</div>
</div>
</body>
</html>
